<?xml version="1.0" encoding="UTF-8"?>
<!-- Generated by org.testng.reporters.JUnitReportReporter -->
<testsuite skipped="0" hostname="DevilRedefined" name="com.crm.qa.testcases.LoginPageTest" tests="1" failures="0" timestamp="06 Sep 2018 06:41:03 GMT" time="24.207" errors="0">
  <testcase name="loginPageTitleTest" time="24.207" classname="com.crm.qa.testcases.LoginPageTest"/>
</testsuite> <!-- com.crm.qa.testcases.LoginPageTest -->
