<?xml version="1.0" encoding="UTF-8"?>
<!-- Generated by org.testng.reporters.JUnitReportReporter -->
<testsuite skipped="0" hostname="DevilRedefined" name="com.crm.qa.testcases.HomePageTest" tests="1" failures="0" timestamp="06 Sep 2018 06:41:03 GMT" time="52.984" errors="0">
  <testcase name="verifyHomePageTitleTest" time="52.984" classname="com.crm.qa.testcases.HomePageTest"/>
</testsuite> <!-- com.crm.qa.testcases.HomePageTest -->
